Processing dataset: ../[2] New/dataset/train-train.csv
2 SrcAddr, Label
--- Stage 1 with Random Forest (Gini) ---
Training Time: 3437.34406 seconds
Random Forest Depths curr -> Avg: 19.00, Max: 19, Min: 19
Testing Time: 34.42989 seconds
Accuracy: 1.0000
Precision: 1.0000
Recall: 1.0000
F1 Score: 1.0000
F2 Score: 1.0000

              precision    recall  f1-score   support

           0     1.0000    1.0000    1.0000   6148305
           1     0.9990    1.0000    0.9995    293326

    accuracy                         1.0000   6441631
   macro avg     0.9995    1.0000    0.9997   6441631
weighted avg     1.0000    1.0000    1.0000   6441631

Confusion Matrix:
[[6148000     305]
 [      0  293326]]

------ Stage 2 with Random Forest (Gini) ------
Training Time: 30.06039 seconds
Random Forest Depths (Stage 2) -> Avg: 10.82, Max: 12, Min: 9
Testing Time: 1.64937 seconds
Accuracy: 0.8980
Precision: 0.8064
Recall: 0.8980
F1 Score: 0.8498
F2 Score: 0.8781

              precision    recall  f1-score   support

           0     0.8980    1.0000    0.9463    263687
           1     0.0000    0.0000    0.0000     29944

    accuracy                         0.8980    293631
   macro avg     0.4490    0.5000    0.4731    293631
weighted avg     0.8064    0.8980    0.8498    293631

Confusion Matrix:
[[263687      0]
 [ 29944      0]]

Combined Classification Report:
Accuracy: 0.9953
Precision: 0.9911
Recall: 0.9953
F1 Score: 0.9931
F2 Score: 0.9944

              precision    recall  f1-score   support

           0     1.0000    1.0000    1.0000   6148305
           1     0.8970    1.0000    0.9457    263382
           2     0.0000    0.0000    0.0000     29944

    accuracy                         0.9953   6441631
   macro avg     0.6323    0.6667    0.6486   6441631
weighted avg     0.9911    0.9953    0.9931   6441631

Confusion Matrix:
[[6148000     305       0]
 [      0  263382       0]
 [      0   29944       0]]

Processing dataset: ../[2] New/dataset/train-train.csv
3 SrcAddr, Sport, Label
--- Stage 1 with Random Forest (Gini) ---
Training Time: 3302.00518 seconds
Random Forest Depths curr -> Avg: 29.00, Max: 29, Min: 29
Testing Time: 59.66542 seconds
Accuracy: 0.9998
Precision: 0.9998
Recall: 0.9998
F1 Score: 0.9998
F2 Score: 0.9998

              precision    recall  f1-score   support

           0     0.9998    1.0000    0.9999   6148305
           1     0.9991    0.9955    0.9973    293326

    accuracy                         0.9998   6441631
   macro avg     0.9994    0.9977    0.9986   6441631
weighted avg     0.9998    0.9998    0.9998   6441631

Confusion Matrix:
[[6148034     271]
 [   1326  292000]]

------ Stage 2 with Random Forest (Gini) ------
Training Time: 81.83318 seconds
Random Forest Depths (Stage 2) -> Avg: 29.00, Max: 29, Min: 29
Testing Time: 5.66547 seconds
Accuracy: 0.9177
Precision: 0.9110
Recall: 0.9177
F1 Score: 0.9135
F2 Score: 0.9158

              precision    recall  f1-score   support

           0     0.9440    0.9656    0.9547    262629
           1     0.6179    0.4928    0.5483     29642

    accuracy                         0.9177    292271
   macro avg     0.7810    0.7292    0.7515    292271
weighted avg     0.9110    0.9177    0.9135    292271

Confusion Matrix:
[[253595   9034]
 [ 15034  14608]]

Combined Classification Report:
Accuracy: 0.9960
Precision: 0.9957
Recall: 0.9960
F1 Score: 0.9958
F2 Score: 0.9959

              precision    recall  f1-score   support

           0     0.9998    1.0000    0.9999   6148305
           1     0.9433    0.9621    0.9526    263382
           2     0.6179    0.4878    0.5452     29944

    accuracy                         0.9960   6441631
   macro avg     0.8536    0.8166    0.8326   6441631
weighted avg     0.9957    0.9960    0.9958   6441631

Confusion Matrix:
[[6148034     207      64]
 [   1024  253388    8970]
 [    302   15034   14608]]

Processing dataset: ../[2] New/dataset/train-train.csv
4 SrcAddr, Dport, Sport, Label
--- Stage 1 with Random Forest (Gini) ---
Training Time: 2558.72659 seconds
Random Forest Depths curr -> Avg: 29.00, Max: 29, Min: 29
Testing Time: 57.43048 seconds
Accuracy: 1.0000
Precision: 1.0000
Recall: 1.0000
F1 Score: 1.0000
F2 Score: 1.0000

              precision    recall  f1-score   support

           0     1.0000    1.0000    1.0000   6148305
           1     0.9998    0.9998    0.9998    293326

    accuracy                         1.0000   6441631
   macro avg     0.9999    0.9999    0.9999   6441631
weighted avg     1.0000    1.0000    1.0000   6441631

Confusion Matrix:
[[6148254      51]
 [     58  293268]]

------ Stage 2 with Random Forest (Gini) ------
Training Time: 46.52028 seconds
Random Forest Depths (Stage 2) -> Avg: 22.44, Max: 29, Min: 16
Testing Time: 2.14356 seconds
Accuracy: 1.0000
Precision: 1.0000
Recall: 1.0000
F1 Score: 1.0000
F2 Score: 1.0000

              precision    recall  f1-score   support

           0     1.0000    1.0000    1.0000    263388
           1     0.9996    0.9999    0.9998     29931

    accuracy                         1.0000    293319
   macro avg     0.9998    0.9999    0.9999    293319
weighted avg     1.0000    1.0000    1.0000    293319

Confusion Matrix:
[[263376     12]
 [     2  29929]]

Combined Classification Report:
Accuracy: 1.0000
Precision: 1.0000
Recall: 1.0000
F1 Score: 1.0000
F2 Score: 1.0000

              precision    recall  f1-score   support

           0     1.0000    1.0000    1.0000   6148305
           1     0.9998    0.9998    0.9998    263382
           2     0.9996    0.9995    0.9995     29944

    accuracy                         1.0000   6441631
   macro avg     0.9998    0.9998    0.9998   6441631
weighted avg     1.0000    1.0000    1.0000   6441631

Confusion Matrix:
[[6148254      39      12]
 [     45  263337       0]
 [     13       2   29929]]

Processing dataset: ../[2] New/dataset/train-train.csv
5 DstAddr, SrcAddr, Dport, Sport, Label
--- Stage 1 with Random Forest (Gini) ---
Training Time: 3462.64909 seconds
Random Forest Depths curr -> Avg: 28.96, Max: 29, Min: 28
Testing Time: 53.89781 seconds
Accuracy: 1.0000
Precision: 1.0000
Recall: 1.0000
F1 Score: 1.0000
F2 Score: 1.0000

              precision    recall  f1-score   support

           0     1.0000    1.0000    1.0000   6148305
           1     0.9999    0.9998    0.9998    293326

    accuracy                         1.0000   6441631
   macro avg     0.9999    0.9999    0.9999   6441631
weighted avg     1.0000    1.0000    1.0000   6441631

Confusion Matrix:
[[6148268      37]
 [     54  293272]]

------ Stage 2 with Random Forest (Gini) ------
Training Time: 65.69130 seconds
Random Forest Depths (Stage 2) -> Avg: 19.25, Max: 24, Min: 14
Testing Time: 1.78250 seconds
Accuracy: 1.0000
Precision: 1.0000
Recall: 1.0000
F1 Score: 1.0000
F2 Score: 1.0000

              precision    recall  f1-score   support

           0     1.0000    1.0000    1.0000    263392
           1     0.9999    0.9999    0.9999     29917

    accuracy                         1.0000    293309
   macro avg     1.0000    0.9999    1.0000    293309
weighted avg     1.0000    1.0000    1.0000    293309

Confusion Matrix:
[[263390      2]
 [     3  29914]]

Combined Classification Report:
Accuracy: 1.0000
Precision: 1.0000
Recall: 1.0000
F1 Score: 1.0000
F2 Score: 1.0000

              precision    recall  f1-score   support

           0     1.0000    1.0000    1.0000   6148305
           1     0.9998    0.9999    0.9999    263382
           2     0.9999    0.9990    0.9995     29944

    accuracy                         1.0000   6441631
   macro avg     0.9999    0.9996    0.9998   6441631
weighted avg     1.0000    1.0000    1.0000   6441631

Confusion Matrix:
[[6148268      37       0]
 [     27  263353       2]
 [     27       3   29914]]

Processing dataset: ../[2] New/dataset/train-train.csv
6 SrcBytes, DstAddr, SrcAddr, Dport, Sport, Label
--- Stage 1 with Random Forest (Gini) ---
Training Time: 3407.33708 seconds
Random Forest Depths curr -> Avg: 29.00, Max: 29, Min: 29
Testing Time: 58.53987 seconds
Accuracy: 1.0000
Precision: 1.0000
Recall: 1.0000
F1 Score: 1.0000
F2 Score: 1.0000

              precision    recall  f1-score   support

           0     1.0000    1.0000    1.0000   6148305
           1     0.9999    0.9996    0.9997    293326

    accuracy                         1.0000   6441631
   macro avg     0.9999    0.9998    0.9999   6441631
weighted avg     1.0000    1.0000    1.0000   6441631

Confusion Matrix:
[[6148268      37]
 [    112  293214]]

------ Stage 2 with Random Forest (Gini) ------
Training Time: 70.43759 seconds
Random Forest Depths (Stage 2) -> Avg: 22.08, Max: 28, Min: 17
Testing Time: 1.85147 seconds
Accuracy: 0.9999
Precision: 0.9999
Recall: 0.9999
F1 Score: 0.9999
F2 Score: 0.9999

              precision    recall  f1-score   support

           0     1.0000    1.0000    1.0000    263334
           1     0.9996    0.9998    0.9997     29917

    accuracy                         0.9999    293251
   macro avg     0.9998    0.9999    0.9998    293251
weighted avg     0.9999    0.9999    0.9999    293251

Confusion Matrix:
[[263322     12]
 [     5  29912]]

Combined Classification Report:
Accuracy: 1.0000
Precision: 1.0000
Recall: 1.0000
F1 Score: 1.0000
F2 Score: 1.0000

              precision    recall  f1-score   support

           0     1.0000    1.0000    1.0000   6148305
           1     0.9999    0.9997    0.9998    263382
           2     0.9996    0.9989    0.9993     29944

    accuracy                         1.0000   6441631
   macro avg     0.9998    0.9995    0.9997   6441631
weighted avg     1.0000    1.0000    1.0000   6441631

Confusion Matrix:
[[6148268      28       9]
 [     85  263294       3]
 [     27       5   29912]]

Processing dataset: ../[2] New/dataset/train-train.csv
7 TotBytes, SrcBytes, DstAddr, SrcAddr, Dport, Sport, Label
--- Stage 1 with Random Forest (Gini) ---
Training Time: 3523.22405 seconds
Random Forest Depths curr -> Avg: 29.00, Max: 29, Min: 29
Testing Time: 62.70109 seconds
Accuracy: 1.0000
Precision: 1.0000
Recall: 1.0000
F1 Score: 1.0000
F2 Score: 1.0000

              precision    recall  f1-score   support

           0     1.0000    1.0000    1.0000   6148305
           1     0.9998    0.9993    0.9995    293326

    accuracy                         1.0000   6441631
   macro avg     0.9999    0.9996    0.9998   6441631
weighted avg     1.0000    1.0000    1.0000   6441631

Confusion Matrix:
[[6148247      58]
 [    207  293119]]

------ Stage 2 with Random Forest (Gini) ------
Training Time: 68.20274 seconds
Random Forest Depths (Stage 2) -> Avg: 22.45, Max: 29, Min: 18
Testing Time: 1.77203 seconds
Accuracy: 0.9999
Precision: 0.9999
Recall: 0.9999
F1 Score: 0.9999
F2 Score: 0.9999

              precision    recall  f1-score   support

           0     1.0000    1.0000    1.0000    263255
           1     0.9996    0.9998    0.9997     29922

    accuracy                         0.9999    293177
   macro avg     0.9998    0.9999    0.9998    293177
weighted avg     0.9999    0.9999    0.9999    293177

Confusion Matrix:
[[263243     12]
 [     6  29916]]

Combined Classification Report:
Accuracy: 1.0000
Precision: 1.0000
Recall: 1.0000
F1 Score: 1.0000
F2 Score: 1.0000

              precision    recall  f1-score   support

           0     1.0000    1.0000    1.0000   6148305
           1     0.9998    0.9993    0.9995    263382
           2     0.9996    0.9991    0.9993     29944

    accuracy                         1.0000   6441631
   macro avg     0.9998    0.9994    0.9996   6441631
weighted avg     1.0000    1.0000    1.0000   6441631

Confusion Matrix:
[[6148247      49       9]
 [    185  263194       3]
 [     22       6   29916]]

Processing dataset: ../[2] New/dataset/train-train.csv
8 TotBytes, State, SrcBytes, DstAddr, SrcAddr, Dport, Sport, Label
--- Stage 1 with Random Forest (Gini) ---
Training Time: 3289.90718 seconds
Random Forest Depths curr -> Avg: 29.00, Max: 29, Min: 29
Testing Time: 63.06714 seconds
Accuracy: 1.0000
Precision: 1.0000
Recall: 1.0000
F1 Score: 1.0000
F2 Score: 1.0000

              precision    recall  f1-score   support

           0     1.0000    1.0000    1.0000   6148305
           1     0.9999    0.9992    0.9995    293326

    accuracy                         1.0000   6441631
   macro avg     0.9999    0.9996    0.9998   6441631
weighted avg     1.0000    1.0000    1.0000   6441631

Confusion Matrix:
[[6148268      37]
 [    234  293092]]

------ Stage 2 with Random Forest (Gini) ------
Training Time: 64.67200 seconds
Random Forest Depths (Stage 2) -> Avg: 21.90, Max: 26, Min: 18
Testing Time: 1.81699 seconds
Accuracy: 1.0000
Precision: 1.0000
Recall: 1.0000
F1 Score: 1.0000
F2 Score: 1.0000

              precision    recall  f1-score   support

           0     1.0000    1.0000    1.0000    263203
           1     0.9997    0.9998    0.9998     29926

    accuracy                         1.0000    293129
   macro avg     0.9999    0.9999    0.9999    293129
weighted avg     1.0000    1.0000    1.0000    293129

Confusion Matrix:
[[263195      8]
 [     6  29920]]

Combined Classification Report:
Accuracy: 1.0000
Precision: 1.0000
Recall: 1.0000
F1 Score: 1.0000
F2 Score: 1.0000

              precision    recall  f1-score   support

           0     1.0000    1.0000    1.0000   6148305
           1     0.9999    0.9992    0.9995    263382
           2     0.9997    0.9992    0.9995     29944

    accuracy                         1.0000   6441631
   macro avg     0.9999    0.9995    0.9997   6441631
weighted avg     1.0000    1.0000    1.0000   6441631

Confusion Matrix:
[[6148268      31       6]
 [    216  263164       2]
 [     18       6   29920]]

Processing dataset: ../[2] New/dataset/train-train.csv
9 TotBytes, Dur, State, SrcBytes, DstAddr, SrcAddr, Dport, Sport, Label
--- Stage 1 with Random Forest (Gini) ---
Training Time: 3577.45266 seconds
Random Forest Depths curr -> Avg: 29.00, Max: 29, Min: 29
Testing Time: 66.26511 seconds
Accuracy: 0.9999
Precision: 0.9999
Recall: 0.9999
F1 Score: 0.9999
F2 Score: 0.9999

              precision    recall  f1-score   support

           0     0.9999    1.0000    1.0000   6148305
           1     0.9999    0.9988    0.9993    293326

    accuracy                         0.9999   6441631
   macro avg     0.9999    0.9994    0.9996   6441631
weighted avg     0.9999    0.9999    0.9999   6441631

Confusion Matrix:
[[6148263      42]
 [    363  292963]]

------ Stage 2 with Random Forest (Gini) ------
Training Time: 69.07983 seconds
Random Forest Depths (Stage 2) -> Avg: 23.13, Max: 28, Min: 18
Testing Time: 1.80803 seconds
Accuracy: 1.0000
Precision: 1.0000
Recall: 1.0000
F1 Score: 1.0000
F2 Score: 1.0000

              precision    recall  f1-score   support

           0     1.0000    1.0000    1.0000    263081
           1     0.9997    0.9998    0.9998     29924

    accuracy                         1.0000    293005
   macro avg     0.9998    0.9999    0.9999    293005
weighted avg     1.0000    1.0000    1.0000    293005

Confusion Matrix:
[[263072      9]
 [     5  29919]]

Combined Classification Report:
Accuracy: 0.9999
Precision: 0.9999
Recall: 0.9999
F1 Score: 0.9999
F2 Score: 0.9999

              precision    recall  f1-score   support

           0     0.9999    1.0000    1.0000   6148305
           1     0.9998    0.9987    0.9993    263382
           2     0.9997    0.9992    0.9994     29944

    accuracy                         0.9999   6441631
   macro avg     0.9998    0.9993    0.9996   6441631
weighted avg     0.9999    0.9999    0.9999   6441631

Confusion Matrix:
[[6148263      35       7]
 [    343  263037       2]
 [     20       5   29919]]

Processing dataset: ../[2] New/dataset/train-train.csv
10 TotBytes, Dur, State, SrcBytes, DstAddr, tcp, SrcAddr, Dport, Sport, Label
--- Stage 1 with Random Forest (Gini) ---
Training Time: 4523.40617 seconds
Random Forest Depths curr -> Avg: 29.00, Max: 29, Min: 29
Testing Time: 62.43604 seconds
Accuracy: 1.0000
Precision: 1.0000
Recall: 1.0000
F1 Score: 1.0000
F2 Score: 1.0000

              precision    recall  f1-score   support

           0     1.0000    1.0000    1.0000   6148305
           1     0.9998    0.9991    0.9995    293326

    accuracy                         1.0000   6441631
   macro avg     0.9999    0.9995    0.9997   6441631
weighted avg     1.0000    1.0000    1.0000   6441631

Confusion Matrix:
[[6148256      49]
 [    265  293061]]

------ Stage 2 with Random Forest (Gini) ------
Training Time: 81.93750 seconds
Random Forest Depths (Stage 2) -> Avg: 21.97, Max: 28, Min: 17
Testing Time: 1.68260 seconds
Accuracy: 1.0000
Precision: 1.0000
Recall: 1.0000
F1 Score: 1.0000
F2 Score: 1.0000

              precision    recall  f1-score   support

           0     1.0000    1.0000    1.0000    263182
           1     0.9997    0.9999    0.9998     29928

    accuracy                         1.0000    293110
   macro avg     0.9998    0.9999    0.9999    293110
weighted avg     1.0000    1.0000    1.0000    293110

Confusion Matrix:
[[263173      9]
 [     2  29926]]

Combined Classification Report:
Accuracy: 1.0000
Precision: 1.0000
Recall: 1.0000
F1 Score: 1.0000
F2 Score: 1.0000

              precision    recall  f1-score   support

           0     1.0000    1.0000    1.0000   6148305
           1     0.9998    0.9991    0.9994    263382
           2     0.9997    0.9994    0.9995     29944

    accuracy                         1.0000   6441631
   macro avg     0.9998    0.9995    0.9997   6441631
weighted avg     1.0000    1.0000    1.0000   6441631

Confusion Matrix:
[[6148256      41       8]
 [    249  263132       1]
 [     16       2   29926]]

Processing dataset: ../[2] New/dataset/train-train.csv
11 TotBytes, Dur, State, SrcBytes, DstAddr, tcp, SrcAddr, Dport, Sport, TotPkts, Label
--- Stage 1 with Random Forest (Gini) ---
Training Time: 4310.51989 seconds
Random Forest Depths curr -> Avg: 29.00, Max: 29, Min: 29
Testing Time: 64.17902 seconds
Accuracy: 0.9999
Precision: 0.9999
Recall: 0.9999
F1 Score: 0.9999
F2 Score: 0.9999

              precision    recall  f1-score   support

           0     0.9999    1.0000    1.0000   6148305
           1     0.9998    0.9988    0.9993    293326

    accuracy                         0.9999   6441631
   macro avg     0.9999    0.9994    0.9996   6441631
weighted avg     0.9999    0.9999    0.9999   6441631

Confusion Matrix:
[[6148254      51]
 [    354  292972]]

------ Stage 2 with Random Forest (Gini) ------
Training Time: 77.03421 seconds
Random Forest Depths (Stage 2) -> Avg: 19.65, Max: 25, Min: 15
Testing Time: 1.58914 seconds
Accuracy: 1.0000
Precision: 1.0000
Recall: 1.0000
F1 Score: 1.0000
F2 Score: 1.0000

              precision    recall  f1-score   support

           0     1.0000    1.0000    1.0000    263092
           1     0.9996    0.9999    0.9998     29931

    accuracy                         1.0000    293023
   macro avg     0.9998    0.9999    0.9999    293023
weighted avg     1.0000    1.0000    1.0000    293023

Confusion Matrix:
[[263080     12]
 [     2  29929]]

Combined Classification Report:
Accuracy: 0.9999
Precision: 0.9999
Recall: 0.9999
F1 Score: 0.9999
F2 Score: 0.9999

              precision    recall  f1-score   support

           0     0.9999    1.0000    1.0000   6148305
           1     0.9998    0.9987    0.9993    263382
           2     0.9996    0.9995    0.9995     29944

    accuracy                         0.9999   6441631
   macro avg     0.9998    0.9994    0.9996   6441631
weighted avg     0.9999    0.9999    0.9999   6441631

Confusion Matrix:
[[6148254      41      10]
 [    341  263039       2]
 [     13       2   29929]]

Processing dataset: ../[2] New/dataset/train-train.csv
12 TotBytes, Dur, State, SrcBytes, DstAddr, tcp, SrcAddr, Dport, Sport, TotPkts, Label, Dir
--- Stage 1 with Random Forest (Gini) ---
Training Time: 3913.87534 seconds
Random Forest Depths curr -> Avg: 29.00, Max: 29, Min: 29
Testing Time: 64.84114 seconds
Accuracy: 0.9999
Precision: 0.9999
Recall: 0.9999
F1 Score: 0.9999
F2 Score: 0.9999

              precision    recall  f1-score   support

           0     0.9999    1.0000    1.0000   6148305
           1     0.9998    0.9988    0.9993    293326

    accuracy                         0.9999   6441631
   macro avg     0.9999    0.9994    0.9996   6441631
weighted avg     0.9999    0.9999    0.9999   6441631

Confusion Matrix:
[[6148252      53]
 [    354  292972]]

------ Stage 2 with Random Forest (Gini) ------
Training Time: 72.96393 seconds
Random Forest Depths (Stage 2) -> Avg: 20.91, Max: 28, Min: 17
Testing Time: 1.60407 seconds
Accuracy: 1.0000
Precision: 1.0000
Recall: 1.0000
F1 Score: 1.0000
F2 Score: 1.0000

              precision    recall  f1-score   support

           0     1.0000    1.0000    1.0000    263099
           1     0.9996    0.9999    0.9998     29926

    accuracy                         1.0000    293025
   macro avg     0.9998    0.9999    0.9999    293025
weighted avg     1.0000    1.0000    1.0000    293025

Confusion Matrix:
[[263088     11]
 [     2  29924]]

Combined Classification Report:
Accuracy: 0.9999
Precision: 0.9999
Recall: 0.9999
F1 Score: 0.9999
F2 Score: 0.9999

              precision    recall  f1-score   support

           0     0.9999    1.0000    1.0000   6148305
           1     0.9998    0.9987    0.9993    263382
           2     0.9996    0.9993    0.9995     29944

    accuracy                         0.9999   6441631
   macro avg     0.9998    0.9993    0.9996   6441631
weighted avg     0.9999    0.9999    0.9999   6441631

Confusion Matrix:
[[6148252      44       9]
 [    336  263044       2]
 [     18       2   29924]]

Processing dataset: ../[2] New/dataset/train-train.csv
13 TotBytes, Dur, State, udp, SrcBytes, DstAddr, tcp, SrcAddr, Dport, Sport, TotPkts, Label, Dir
--- Stage 1 with Random Forest (Gini) ---
Training Time: 3771.44775 seconds
Random Forest Depths curr -> Avg: 29.00, Max: 29, Min: 29
Testing Time: 67.27981 seconds
Accuracy: 0.9999
Precision: 0.9999
Recall: 0.9999
F1 Score: 0.9999
F2 Score: 0.9999

              precision    recall  f1-score   support

           0     0.9999    1.0000    1.0000   6148305
           1     0.9998    0.9986    0.9992    293326

    accuracy                         0.9999   6441631
   macro avg     0.9999    0.9993    0.9996   6441631
weighted avg     0.9999    0.9999    0.9999   6441631

Confusion Matrix:
[[6148253      52]
 [    397  292929]]

------ Stage 2 with Random Forest (Gini) ------
Training Time: 71.59229 seconds
Random Forest Depths (Stage 2) -> Avg: 21.57, Max: 29, Min: 18
Testing Time: 1.69534 seconds
Accuracy: 1.0000
Precision: 1.0000
Recall: 1.0000
F1 Score: 1.0000
F2 Score: 1.0000

              precision    recall  f1-score   support

           0     1.0000    1.0000    1.0000    263056
           1     0.9996    1.0000    0.9998     29925

    accuracy                         1.0000    292981
   macro avg     0.9998    1.0000    0.9999    292981
weighted avg     1.0000    1.0000    1.0000    292981

Confusion Matrix:
[[263044     12]
 [     1  29924]]

Combined Classification Report:
Accuracy: 0.9999
Precision: 0.9999
Recall: 0.9999
F1 Score: 0.9999
F2 Score: 0.9999

              precision    recall  f1-score   support

           0     0.9999    1.0000    1.0000   6148305
           1     0.9998    0.9986    0.9992    263382
           2     0.9996    0.9993    0.9995     29944

    accuracy                         0.9999   6441631
   macro avg     0.9998    0.9993    0.9995   6441631
weighted avg     0.9999    0.9999    0.9999   6441631

Confusion Matrix:
[[6148253      42      10]
 [    378  263002       2]
 [     19       1   29924]]

Processing dataset: ../[2] New/dataset/train-train.csv
14 TotBytes, Dur, State, udp, SrcBytes, DstAddr, tcp, SrcAddr, Dport, Sport, rtp, TotPkts, Label, Dir
--- Stage 1 with Random Forest (Gini) ---
Training Time: 3589.59722 seconds
Random Forest Depths curr -> Avg: 29.00, Max: 29, Min: 29
Testing Time: 69.29788 seconds
Accuracy: 0.9999
Precision: 0.9999
Recall: 0.9999
F1 Score: 0.9999
F2 Score: 0.9999

              precision    recall  f1-score   support

           0     0.9999    1.0000    1.0000   6148305
           1     0.9998    0.9985    0.9992    293326

    accuracy                         0.9999   6441631
   macro avg     0.9999    0.9992    0.9996   6441631
weighted avg     0.9999    0.9999    0.9999   6441631

Confusion Matrix:
[[6148256      49]
 [    446  292880]]

------ Stage 2 with Random Forest (Gini) ------
Training Time: 68.15040 seconds
Random Forest Depths (Stage 2) -> Avg: 22.44, Max: 29, Min: 17
Testing Time: 1.74404 seconds
Accuracy: 1.0000
Precision: 1.0000
Recall: 1.0000
F1 Score: 1.0000
F2 Score: 1.0000

              precision    recall  f1-score   support

           0     1.0000    1.0000    1.0000    263004
           1     0.9997    0.9999    0.9998     29925

    accuracy                         1.0000    292929
   macro avg     0.9998    0.9999    0.9999    292929
weighted avg     1.0000    1.0000    1.0000    292929

Confusion Matrix:
[[262994     10]
 [     2  29923]]

Combined Classification Report:
Accuracy: 0.9999
Precision: 0.9999
Recall: 0.9999
F1 Score: 0.9999
F2 Score: 0.9999

              precision    recall  f1-score   support

           0     0.9999    1.0000    1.0000   6148305
           1     0.9998    0.9984    0.9991    263382
           2     0.9997    0.9993    0.9995     29944

    accuracy                         0.9999   6441631
   macro avg     0.9998    0.9992    0.9995   6441631
weighted avg     0.9999    0.9999    0.9999   6441631

Confusion Matrix:
[[6148256      40       9]
 [    427  262954       1]
 [     19       2   29923]]

Processing dataset: ../[2] New/dataset/train-train.csv
15 TotBytes, Dur, State, udp, SrcBytes, DstAddr, icmp, tcp, SrcAddr, Dport, Sport, rtp, TotPkts, Label, Dir
--- Stage 1 with Random Forest (Gini) ---
Training Time: 3468.60299 seconds
Random Forest Depths curr -> Avg: 29.00, Max: 29, Min: 29
Testing Time: 71.06091 seconds
Accuracy: 0.9999
Precision: 0.9999
Recall: 0.9999
F1 Score: 0.9999
F2 Score: 0.9999

              precision    recall  f1-score   support

           0     0.9999    1.0000    1.0000   6148305
           1     0.9998    0.9983    0.9990    293326

    accuracy                         0.9999   6441631
   macro avg     0.9999    0.9991    0.9995   6441631
weighted avg     0.9999    0.9999    0.9999   6441631

Confusion Matrix:
[[6148247      58]
 [    500  292826]]

------ Stage 2 with Random Forest (Gini) ------
Training Time: 66.76470 seconds
Random Forest Depths (Stage 2) -> Avg: 22.30, Max: 29, Min: 16
Testing Time: 1.77569 seconds
Accuracy: 1.0000
Precision: 1.0000
Recall: 1.0000
F1 Score: 1.0000
F2 Score: 1.0000

              precision    recall  f1-score   support

           0     1.0000    1.0000    1.0000    262959
           1     0.9996    1.0000    0.9998     29925

    accuracy                         1.0000    292884
   macro avg     0.9998    1.0000    0.9999    292884
weighted avg     1.0000    1.0000    1.0000    292884

Confusion Matrix:
[[262946     13]
 [     1  29924]]

Combined Classification Report:
Accuracy: 0.9999
Precision: 0.9999
Recall: 0.9999
F1 Score: 0.9999
F2 Score: 0.9999

              precision    recall  f1-score   support

           0     0.9999    1.0000    1.0000   6148305
           1     0.9998    0.9982    0.9990    263382
           2     0.9996    0.9993    0.9994     29944

    accuracy                         0.9999   6441631
   macro avg     0.9998    0.9992    0.9995   6441631
weighted avg     0.9999    0.9999    0.9999   6441631

Confusion Matrix:
[[6148247      46      12]
 [    481  262900       1]
 [     19       1   29924]]

Processing dataset: ../[2] New/dataset/train-train.csv
16 TotBytes, Dur, State, udp, SrcBytes, DstAddr, icmp, tcp, SrcAddr, Dport, Sport, rtp, TotPkts, Label, Dir, igmp
--- Stage 1 with Random Forest (Gini) ---
Training Time: 3303.49531 seconds
Random Forest Depths curr -> Avg: 29.00, Max: 29, Min: 29
Testing Time: 71.17834 seconds
Accuracy: 0.9999
Precision: 0.9999
Recall: 0.9999
F1 Score: 0.9999
F2 Score: 0.9999

              precision    recall  f1-score   support

           0     0.9999    1.0000    1.0000   6148305
           1     0.9998    0.9984    0.9991    293326

    accuracy                         0.9999   6441631
   macro avg     0.9999    0.9992    0.9995   6441631
weighted avg     0.9999    0.9999    0.9999   6441631

Confusion Matrix:
[[6148251      54]
 [    483  292843]]

------ Stage 2 with Random Forest (Gini) ------
Training Time: 62.08921 seconds
Random Forest Depths (Stage 2) -> Avg: 23.13, Max: 29, Min: 19
Testing Time: 1.77869 seconds
Accuracy: 0.9999
Precision: 0.9999
Recall: 0.9999
F1 Score: 0.9999
F2 Score: 0.9999

              precision    recall  f1-score   support

           0     1.0000    1.0000    1.0000    262972
           1     0.9996    0.9999    0.9997     29925

    accuracy                         0.9999    292897
   macro avg     0.9998    0.9999    0.9999    292897
weighted avg     0.9999    0.9999    0.9999    292897

Confusion Matrix:
[[262959     13]
 [     2  29923]]

Combined Classification Report:
Accuracy: 0.9999
Precision: 0.9999
Recall: 0.9999
F1 Score: 0.9999
F2 Score: 0.9999

              precision    recall  f1-score   support

           0     0.9999    1.0000    1.0000   6148305
           1     0.9998    0.9982    0.9990    263382
           2     0.9996    0.9993    0.9994     29944

    accuracy                         0.9999   6441631
   macro avg     0.9998    0.9992    0.9995   6441631
weighted avg     0.9999    0.9999    0.9999   6441631

Confusion Matrix:
[[6148251      44      10]
 [    464  262915       3]
 [     19       2   29923]]

Processing dataset: ../[2] New/dataset/train-train.csv
17 TotBytes, Dur, State, udp, SrcBytes, DstAddr, icmp, tcp, SrcAddr, Dport, Sport, rtp, TotPkts, Label, Dir, igmp, rtcp
--- Stage 1 with Random Forest (Gini) ---
Training Time: 3964.98516 seconds
Random Forest Depths curr -> Avg: 29.00, Max: 29, Min: 29
Testing Time: 67.71634 seconds
Accuracy: 0.9999
Precision: 0.9999
Recall: 0.9999
F1 Score: 0.9999
F2 Score: 0.9999

              precision    recall  f1-score   support

           0     0.9999    1.0000    1.0000   6148305
           1     0.9998    0.9987    0.9992    293326

    accuracy                         0.9999   6441631
   macro avg     0.9999    0.9993    0.9996   6441631
weighted avg     0.9999    0.9999    0.9999   6441631

Confusion Matrix:
[[6148254      51]
 [    395  292931]]

------ Stage 2 with Random Forest (Gini) ------
Training Time: 72.54381 seconds
Random Forest Depths (Stage 2) -> Avg: 20.96, Max: 29, Min: 15
Testing Time: 1.71447 seconds
Accuracy: 1.0000
Precision: 1.0000
Recall: 1.0000
F1 Score: 1.0000
F2 Score: 1.0000

              precision    recall  f1-score   support

           0     1.0000    1.0000    1.0000    263056
           1     0.9996    1.0000    0.9998     29926

    accuracy                         1.0000    292982
   macro avg     0.9998    1.0000    0.9999    292982
weighted avg     1.0000    1.0000    1.0000    292982

Confusion Matrix:
[[263043     13]
 [     1  29925]]

Combined Classification Report:
Accuracy: 0.9999
Precision: 0.9999
Recall: 0.9999
F1 Score: 0.9999
F2 Score: 0.9999

              precision    recall  f1-score   support

           0     0.9999    1.0000    1.0000   6148305
           1     0.9998    0.9986    0.9992    263382
           2     0.9996    0.9994    0.9995     29944

    accuracy                         0.9999   6441631
   macro avg     0.9998    0.9993    0.9995   6441631
weighted avg     0.9999    0.9999    0.9999   6441631

Confusion Matrix:
[[6148254      39      12]
 [    377  263004       1]
 [     18       1   29925]]

Processing dataset: ../[2] New/dataset/train-train.csv
18 TotBytes, Dur, State, udp, SrcBytes, DstAddr, icmp, tcp, SrcAddr, Dport, Sport, rtp, TotPkts, Label, Dir, igmp, rtcp, ipx/spx
--- Stage 1 with Random Forest (Gini) ---
Training Time: 3764.90865 seconds
Random Forest Depths curr -> Avg: 29.00, Max: 29, Min: 29
Testing Time: 69.12225 seconds
Accuracy: 0.9999
Precision: 0.9999
Recall: 0.9999
F1 Score: 0.9999
F2 Score: 0.9999

              precision    recall  f1-score   support

           0     0.9999    1.0000    1.0000   6148305
           1     0.9999    0.9986    0.9992    293326

    accuracy                         0.9999   6441631
   macro avg     0.9999    0.9993    0.9996   6441631
weighted avg     0.9999    0.9999    0.9999   6441631

Confusion Matrix:
[[6148262      43]
 [    413  292913]]

------ Stage 2 with Random Forest (Gini) ------
Training Time: 68.16907 seconds
Random Forest Depths (Stage 2) -> Avg: 22.05, Max: 29, Min: 17
Testing Time: 1.77743 seconds
Accuracy: 1.0000
Precision: 1.0000
Recall: 1.0000
F1 Score: 1.0000
F2 Score: 1.0000

              precision    recall  f1-score   support

           0     1.0000    1.0000    1.0000    263032
           1     0.9996    0.9999    0.9998     29924

    accuracy                         1.0000    292956
   macro avg     0.9998    0.9999    0.9999    292956
weighted avg     1.0000    1.0000    1.0000    292956

Confusion Matrix:
[[263021     11]
 [     2  29922]]

Combined Classification Report:
Accuracy: 0.9999
Precision: 0.9999
Recall: 0.9999
F1 Score: 0.9999
F2 Score: 0.9999

              precision    recall  f1-score   support

           0     0.9999    1.0000    1.0000   6148305
           1     0.9999    0.9985    0.9992    263382
           2     0.9996    0.9993    0.9994     29944

    accuracy                         0.9999   6441631
   macro avg     0.9998    0.9993    0.9995   6441631
weighted avg     0.9999    0.9999    0.9999   6441631

Confusion Matrix:
[[6148262      34       9]
 [    393  262987       2]
 [     20       2   29922]]

Processing dataset: ../[2] New/dataset/train-train.csv
19 TotBytes, Dur, State, udp, SrcBytes, DstAddr, ipv6-icmp, icmp, tcp, SrcAddr, Dport, Sport, rtp, TotPkts, Label, Dir, igmp, rtcp, ipx/spx
--- Stage 1 with Random Forest (Gini) ---
Training Time: 3676.31473 seconds
Random Forest Depths curr -> Avg: 29.00, Max: 29, Min: 29
Testing Time: 69.68380 seconds
Accuracy: 0.9999
Precision: 0.9999
Recall: 0.9999
F1 Score: 0.9999
F2 Score: 0.9999

              precision    recall  f1-score   support

           0     0.9999    1.0000    1.0000   6148305
           1     0.9998    0.9984    0.9991    293326

    accuracy                         0.9999   6441631
   macro avg     0.9999    0.9992    0.9995   6441631
weighted avg     0.9999    0.9999    0.9999   6441631

Confusion Matrix:
[[6148255      50]
 [    460  292866]]

------ Stage 2 with Random Forest (Gini) ------
Training Time: 67.28902 seconds
Random Forest Depths (Stage 2) -> Avg: 22.52, Max: 29, Min: 16
Testing Time: 1.72566 seconds
Accuracy: 1.0000
Precision: 1.0000
Recall: 1.0000
F1 Score: 1.0000
F2 Score: 1.0000

              precision    recall  f1-score   support

           0     1.0000    1.0000    1.0000    262991
           1     0.9996    0.9999    0.9998     29925

    accuracy                         1.0000    292916
   macro avg     0.9998    0.9999    0.9999    292916
weighted avg     1.0000    1.0000    1.0000    292916

Confusion Matrix:
[[262979     12]
 [     2  29923]]

Combined Classification Report:
Accuracy: 0.9999
Precision: 0.9999
Recall: 0.9999
F1 Score: 0.9999
F2 Score: 0.9999

              precision    recall  f1-score   support

           0     0.9999    1.0000    1.0000   6148305
           1     0.9998    0.9983    0.9991    263382
           2     0.9996    0.9993    0.9994     29944

    accuracy                         0.9999   6441631
   macro avg     0.9998    0.9992    0.9995   6441631
weighted avg     0.9999    0.9999    0.9999   6441631

Confusion Matrix:
[[6148255      40      10]
 [    441  262939       2]
 [     19       2   29923]]

Processing dataset: ../[2] New/dataset/train-train.csv
20 TotBytes, Dur, State, arp, udp, SrcBytes, DstAddr, ipv6-icmp, icmp, tcp, SrcAddr, Dport, Sport, rtp, TotPkts, Label, Dir, igmp, rtcp, ipx/spx
--- Stage 1 with Random Forest (Gini) ---
Training Time: 3593.40302 seconds
Random Forest Depths curr -> Avg: 29.00, Max: 29, Min: 29
Testing Time: 71.77711 seconds
Accuracy: 0.9999
Precision: 0.9999
Recall: 0.9999
F1 Score: 0.9999
F2 Score: 0.9999

              precision    recall  f1-score   support

           0     0.9999    1.0000    1.0000   6148305
           1     0.9998    0.9984    0.9991    293326

    accuracy                         0.9999   6441631
   macro avg     0.9999    0.9992    0.9995   6441631
weighted avg     0.9999    0.9999    0.9999   6441631

Confusion Matrix:
[[6148249      56]
 [    470  292856]]

------ Stage 2 with Random Forest (Gini) ------
Training Time: 65.71450 seconds
Random Forest Depths (Stage 2) -> Avg: 22.90, Max: 29, Min: 17
Testing Time: 1.72922 seconds
Accuracy: 1.0000
Precision: 1.0000
Recall: 1.0000
F1 Score: 1.0000
F2 Score: 1.0000

              precision    recall  f1-score   support

           0     1.0000    1.0000    1.0000    262985
           1     0.9996    1.0000    0.9998     29927

    accuracy                         1.0000    292912
   macro avg     0.9998    1.0000    0.9999    292912
weighted avg     1.0000    1.0000    1.0000    292912

Confusion Matrix:
[[262974     11]
 [     1  29926]]

Combined Classification Report:
Accuracy: 0.9999
Precision: 0.9999
Recall: 0.9999
F1 Score: 0.9999
F2 Score: 0.9999

              precision    recall  f1-score   support

           0     0.9999    1.0000    1.0000   6148305
           1     0.9998    0.9983    0.9990    263382
           2     0.9996    0.9994    0.9995     29944

    accuracy                         0.9999   6441631
   macro avg     0.9998    0.9992    0.9995   6441631
weighted avg     0.9999    0.9999    0.9999   6441631

Confusion Matrix:
[[6148249      46      10]
 [    453  262928       1]
 [     17       1   29926]]

Processing dataset: ../[2] New/dataset/train-train.csv
21 TotBytes, Dur, State, arp, udp, SrcBytes, DstAddr, ipv6-icmp, icmp, tcp, SrcAddr, Dport, Sport, rtp, pim, TotPkts, Label, Dir, igmp, rtcp, ipx/spx
--- Stage 1 with Random Forest (Gini) ---
Training Time: 3461.09684 seconds
Random Forest Depths curr -> Avg: 29.00, Max: 29, Min: 29
Testing Time: 72.06860 seconds
Accuracy: 0.9999
Precision: 0.9999
Recall: 0.9999
F1 Score: 0.9999
F2 Score: 0.9999

              precision    recall  f1-score   support

           0     0.9999    1.0000    1.0000   6148305
           1     0.9998    0.9983    0.9990    293326

    accuracy                         0.9999   6441631
   macro avg     0.9999    0.9991    0.9995   6441631
weighted avg     0.9999    0.9999    0.9999   6441631

Confusion Matrix:
[[6148248      57]
 [    506  292820]]

------ Stage 2 with Random Forest (Gini) ------
Training Time: 62.37910 seconds
Random Forest Depths (Stage 2) -> Avg: 22.86, Max: 29, Min: 17
Testing Time: 1.74984 seconds
Accuracy: 0.9999
Precision: 0.9999
Recall: 0.9999
F1 Score: 0.9999
F2 Score: 0.9999

              precision    recall  f1-score   support

           0     1.0000    1.0000    1.0000    262952
           1     0.9996    0.9999    0.9997     29925

    accuracy                         0.9999    292877
   macro avg     0.9998    0.9999    0.9999    292877
weighted avg     0.9999    0.9999    0.9999    292877

Confusion Matrix:
[[262939     13]
 [     2  29923]]

Combined Classification Report:
Accuracy: 0.9999
Precision: 0.9999
Recall: 0.9999
F1 Score: 0.9999
F2 Score: 0.9999

              precision    recall  f1-score   support

           0     0.9999    1.0000    1.0000   6148305
           1     0.9998    0.9981    0.9990    263382
           2     0.9996    0.9993    0.9994     29944

    accuracy                         0.9999   6441631
   macro avg     0.9998    0.9991    0.9995   6441631
weighted avg     0.9999    0.9999    0.9999   6441631

Confusion Matrix:
[[6148248      46      11]
 [    487  262893       2]
 [     19       2   29923]]

Processing dataset: ../[2] New/dataset/train-train.csv
22 TotBytes, Dur, State, arp, udp, SrcBytes, DstAddr, ipv6-icmp, icmp, tcp, SrcAddr, Dport, Sport, rtp, pim, TotPkts, Label, Dir, igmp, rtcp, ipx/spx, rarp
--- Stage 1 with Random Forest (Gini) ---
Training Time: 3239.40721 seconds
Random Forest Depths curr -> Avg: 29.00, Max: 29, Min: 29
Testing Time: 72.16941 seconds
Accuracy: 0.9999
Precision: 0.9999
Recall: 0.9999
F1 Score: 0.9999
F2 Score: 0.9999

              precision    recall  f1-score   support

           0     0.9999    1.0000    1.0000   6148305
           1     0.9998    0.9981    0.9990    293326

    accuracy                         0.9999   6441631
   macro avg     0.9999    0.9991    0.9995   6441631
weighted avg     0.9999    0.9999    0.9999   6441631

Confusion Matrix:
[[6148250      55]
 [    549  292777]]

------ Stage 2 with Random Forest (Gini) ------
Training Time: 60.96201 seconds
Random Forest Depths (Stage 2) -> Avg: 23.36, Max: 29, Min: 18
Testing Time: 1.72227 seconds
Accuracy: 1.0000
Precision: 1.0000
Recall: 1.0000
F1 Score: 1.0000
F2 Score: 1.0000

              precision    recall  f1-score   support

           0     1.0000    1.0000    1.0000    262911
           1     0.9996    0.9999    0.9998     29921

    accuracy                         1.0000    292832
   macro avg     0.9998    0.9999    0.9999    292832
weighted avg     1.0000    1.0000    1.0000    292832

Confusion Matrix:
[[262899     12]
 [     2  29919]]

Combined Classification Report:
Accuracy: 0.9999
Precision: 0.9999
Recall: 0.9999
F1 Score: 0.9999
F2 Score: 0.9999

              precision    recall  f1-score   support

           0     0.9999    1.0000    1.0000   6148305
           1     0.9998    0.9980    0.9989    263382
           2     0.9996    0.9992    0.9994     29944

    accuracy                         0.9999   6441631
   macro avg     0.9998    0.9991    0.9994   6441631
weighted avg     0.9999    0.9999    0.9999   6441631

Confusion Matrix:
[[6148250      45      10]
 [    526  262854       2]
 [     23       2   29919]]


Processing dataset: ../[2] New/dataset/train-train.csv
23 TotBytes, Dur, State, arp, udp, SrcBytes, DstAddr, ipv6-icmp, icmp, tcp, SrcAddr, Dport, esp, Sport, rtp, pim, TotPkts, Label, Dir, igmp, rtcp, ipx/spx, rarp
--- Stage 1 with Random Forest (Gini) ---
Training Time: 1880.98786 seconds
Random Forest Depths curr -> Avg: 29.00, Max: 29, Min: 29
Testing Time: 55.12322 seconds
Accuracy: 0.9999
Precision: 0.9999
Recall: 0.9999
F1 Score: 0.9999
F2 Score: 0.9999

              precision    recall  f1-score   support

           0     0.9999    1.0000    1.0000   6148305
           1     0.9998    0.9981    0.9990    293326

    accuracy                         0.9999   6441631
   macro avg     0.9999    0.9991    0.9995   6441631
weighted avg     0.9999    0.9999    0.9999   6441631

Confusion Matrix:
[[6148260      45]
 [    551  292775]]

------ Stage 2 with Random Forest (Gini) ------
Training Time: 30.18212 seconds
Random Forest Depths (Stage 2) -> Avg: 23.04, Max: 29, Min: 18
Testing Time: 1.32393 seconds
Accuracy: 1.0000
Precision: 1.0000
Recall: 1.0000
F1 Score: 1.0000
F2 Score: 1.0000

              precision    recall  f1-score   support

           0     1.0000    1.0000    1.0000    262896
           1     0.9996    0.9999    0.9998     29924

    accuracy                         1.0000    292820
   macro avg     0.9998    0.9999    0.9999    292820
weighted avg     1.0000    1.0000    1.0000    292820

Confusion Matrix:
[[262885     11]
 [     2  29922]]

Combined Classification Report:
Accuracy: 0.9999
Precision: 0.9999
Recall: 0.9999
F1 Score: 0.9999
F2 Score: 0.9999

              precision    recall  f1-score   support

           0     0.9999    1.0000    1.0000   6148305
           1     0.9999    0.9980    0.9989    263382
           2     0.9996    0.9993    0.9994     29944

    accuracy                         0.9999   6441631
   macro avg     0.9998    0.9991    0.9994   6441631
weighted avg     0.9999    0.9999    0.9999   6441631

Confusion Matrix:
[[6148260      35      10]
 [    531  262850       1]
 [     20       2   29922]]

Processing dataset: ../[2] New/dataset/train-train.csv
24 TotBytes, Dur, State, arp, udp, SrcBytes, DstAddr, ipv6-icmp, icmp, tcp, SrcAddr, Dport, esp, Sport, ipv6, rtp, pim, TotPkts, Label, Dir, igmp, rtcp, ipx/spx, rarp
--- Stage 1 with Random Forest (Gini) ---
Training Time: 1875.34041 seconds
Random Forest Depths curr -> Avg: 29.00, Max: 29, Min: 29
Testing Time: 55.65528 seconds
Accuracy: 0.9999
Precision: 0.9999
Recall: 0.9999
F1 Score: 0.9999
F2 Score: 0.9999

              precision    recall  f1-score   support

           0     0.9999    1.0000    1.0000   6148305
           1     0.9998    0.9981    0.9990    293326

    accuracy                         0.9999   6441631
   macro avg     0.9999    0.9990    0.9995   6441631
weighted avg     0.9999    0.9999    0.9999   6441631

Confusion Matrix:
[[6148247      58]
 [    555  292771]]

------ Stage 2 with Random Forest (Gini) ------
Training Time: 30.04682 seconds
Random Forest Depths (Stage 2) -> Avg: 23.30, Max: 29, Min: 18
Testing Time: 1.33708 seconds
Accuracy: 1.0000
Precision: 1.0000
Recall: 1.0000
F1 Score: 1.0000
F2 Score: 1.0000

              precision    recall  f1-score   support

           0     1.0000    1.0000    1.0000    262904
           1     0.9996    0.9999    0.9998     29925

    accuracy                         1.0000    292829
   macro avg     0.9998    0.9999    0.9999    292829
weighted avg     1.0000    1.0000    1.0000    292829

Confusion Matrix:
[[262892     12]
 [     2  29923]]

Combined Classification Report:
Accuracy: 0.9999
Precision: 0.9999
Recall: 0.9999
F1 Score: 0.9999
F2 Score: 0.9999

              precision    recall  f1-score   support

           0     0.9999    1.0000    1.0000   6148305
           1     0.9998    0.9980    0.9989    263382
           2     0.9996    0.9993    0.9994     29944

    accuracy                         0.9999   6441631
   macro avg     0.9998    0.9991    0.9994   6441631
weighted avg     0.9999    0.9999    0.9999   6441631

Confusion Matrix:
[[6148247      48      10]
 [    536  262844       2]
 [     19       2   29923]]

Processing dataset: ../[2] New/dataset/train-train.csv
25 TotBytes, Dur, State, arp, udp, SrcBytes, DstAddr, ipv6-icmp, icmp, tcp, SrcAddr, Dport, esp, Sport, llc, ipv6, rtp, pim, TotPkts, Label, Dir, igmp, rtcp, ipx/spx, rarp
--- Stage 1 with Random Forest (Gini) ---
Training Time: 1804.11898 seconds
Random Forest Depths curr -> Avg: 29.00, Max: 29, Min: 29
Testing Time: 55.87042 seconds
Accuracy: 0.9999
Precision: 0.9999
Recall: 0.9999
F1 Score: 0.9999
F2 Score: 0.9999

              precision    recall  f1-score   support

           0     0.9999    1.0000    0.9999   6148305
           1     0.9998    0.9980    0.9989    293326

    accuracy                         0.9999   6441631
   macro avg     0.9999    0.9990    0.9994   6441631
weighted avg     0.9999    0.9999    0.9999   6441631

Confusion Matrix:
[[6148258      47]
 [    576  292750]]

------ Stage 2 with Random Forest (Gini) ------
Training Time: 29.23936 seconds
Random Forest Depths (Stage 2) -> Avg: 23.98, Max: 29, Min: 18
Testing Time: 1.36214 seconds
Accuracy: 1.0000
Precision: 1.0000
Recall: 1.0000
F1 Score: 1.0000
F2 Score: 1.0000

              precision    recall  f1-score   support

           0     1.0000    1.0000    1.0000    262874
           1     0.9996    0.9999    0.9998     29923

    accuracy                         1.0000    292797
   macro avg     0.9998    0.9999    0.9999    292797
weighted avg     1.0000    1.0000    1.0000    292797

Confusion Matrix:
[[262863     11]
 [     3  29920]]

Combined Classification Report:
Accuracy: 0.9999
Precision: 0.9999
Recall: 0.9999
F1 Score: 0.9999
F2 Score: 0.9999

              precision    recall  f1-score   support

           0     0.9999    1.0000    0.9999   6148305
           1     0.9998    0.9979    0.9989    263382
           2     0.9996    0.9992    0.9994     29944

    accuracy                         0.9999   6441631
   macro avg     0.9998    0.9990    0.9994   6441631
weighted avg     0.9999    0.9999    0.9999   6441631

Confusion Matrix:
[[6148258      38       9]
 [    555  262825       2]
 [     21       3   29920]]

Processing dataset: ../[2] New/dataset/train-train.csv
26 TotBytes, Dur, State, arp, udp, SrcBytes, DstAddr, ipv6-icmp, icmp, tcp, SrcAddr, Dport, esp, Sport, llc, ipv6, rtp, pim, gre, TotPkts, Label, Dir, igmp, rtcp, ipx/spx, rarp
--- Stage 1 with Random Forest (Gini) ---
Training Time: 2045.32635 seconds
Random Forest Depths curr -> Avg: 29.00, Max: 29, Min: 29
Testing Time: 53.86386 seconds
Accuracy: 0.9999
Precision: 0.9999
Recall: 0.9999
F1 Score: 0.9999
F2 Score: 0.9999

              precision    recall  f1-score   support

           0     0.9999    1.0000    1.0000   6148305
           1     0.9998    0.9983    0.9991    293326

    accuracy                         0.9999   6441631
   macro avg     0.9999    0.9991    0.9995   6441631
weighted avg     0.9999    0.9999    0.9999   6441631

Confusion Matrix:
[[6148255      50]
 [    504  292822]]

------ Stage 2 with Random Forest (Gini) ------
Training Time: 32.70717 seconds
Random Forest Depths (Stage 2) -> Avg: 22.93, Max: 29, Min: 17
Testing Time: 1.31191 seconds
Accuracy: 0.9999
Precision: 0.9999
Recall: 0.9999
F1 Score: 0.9999
F2 Score: 0.9999

              precision    recall  f1-score   support

           0     1.0000    0.9999    1.0000    262948
           1     0.9995    1.0000    0.9997     29924

    accuracy                         0.9999    292872
   macro avg     0.9998    1.0000    0.9999    292872
weighted avg     0.9999    0.9999    0.9999    292872

Confusion Matrix:
[[262934     14]
 [     1  29923]]

Combined Classification Report:
Accuracy: 0.9999
Precision: 0.9999
Recall: 0.9999
F1 Score: 0.9999
F2 Score: 0.9999

              precision    recall  f1-score   support

           0     0.9999    1.0000    1.0000   6148305
           1     0.9999    0.9982    0.9990    263382
           2     0.9995    0.9993    0.9994     29944

    accuracy                         0.9999   6441631
   macro avg     0.9998    0.9991    0.9995   6441631
weighted avg     0.9999    0.9999    0.9999   6441631

Confusion Matrix:
[[6148255      38      12]
 [    484  262896       2]
 [     20       1   29923]]

Processing dataset: ../[2] New/dataset/train-train.csv
27 TotBytes, Dur, State, arp, udp, SrcBytes, DstAddr, ipv6-icmp, icmp, tcp, SrcAddr, Dport, esp, Sport, llc, ipv6, rtp, pim, gre, unas, TotPkts, Label, Dir, igmp, rtcp, ipx/spx, rarp
--- Stage 1 with Random Forest (Gini) ---
Training Time: 2016.46768 seconds
Random Forest Depths curr -> Avg: 29.00, Max: 29, Min: 29
Testing Time: 55.42713 seconds
Accuracy: 0.9999
Precision: 0.9999
Recall: 0.9999
F1 Score: 0.9999
F2 Score: 0.9999

              precision    recall  f1-score   support

           0     0.9999    1.0000    0.9999   6148305
           1     0.9998    0.9981    0.9990    293326

    accuracy                         0.9999   6441631
   macro avg     0.9999    0.9990    0.9995   6441631
weighted avg     0.9999    0.9999    0.9999   6441631

Confusion Matrix:
[[6148245      60]
 [    555  292771]]

------ Stage 2 with Random Forest (Gini) ------
Training Time: 31.72145 seconds
Random Forest Depths (Stage 2) -> Avg: 23.22, Max: 29, Min: 18
Testing Time: 1.33696 seconds
Accuracy: 1.0000
Precision: 1.0000
Recall: 1.0000
F1 Score: 1.0000
F2 Score: 1.0000

              precision    recall  f1-score   support

           0     1.0000    1.0000    1.0000    262909
           1     0.9996    1.0000    0.9998     29922

    accuracy                         1.0000    292831
   macro avg     0.9998    1.0000    0.9999    292831
weighted avg     1.0000    1.0000    1.0000    292831

Confusion Matrix:
[[262898     11]
 [     1  29921]]

Combined Classification Report:
Accuracy: 0.9999
Precision: 0.9999
Recall: 0.9999
F1 Score: 0.9999
F2 Score: 0.9999

              precision    recall  f1-score   support

           0     0.9999    1.0000    0.9999   6148305
           1     0.9998    0.9980    0.9989    263382
           2     0.9996    0.9992    0.9994     29944

    accuracy                         0.9999   6441631
   macro avg     0.9998    0.9991    0.9994   6441631
weighted avg     0.9999    0.9999    0.9999   6441631

Confusion Matrix:
[[6148245      50      10]
 [    533  262848       1]
 [     22       1   29921]]

Processing dataset: ../[2] New/dataset/train-train.csv
28 TotBytes, Dur, udt, State, arp, udp, SrcBytes, DstAddr, ipv6-icmp, icmp, tcp, SrcAddr, Dport, esp, Sport, llc, ipv6, rtp, pim, gre, unas, TotPkts, Label, Dir, igmp, rtcp, ipx/spx, rarp
--- Stage 1 with Random Forest (Gini) ---
Training Time: 1982.55623 seconds
Random Forest Depths curr -> Avg: 29.00, Max: 29, Min: 29
Testing Time: 55.23200 seconds
Accuracy: 0.9999
Precision: 0.9999
Recall: 0.9999
F1 Score: 0.9999
F2 Score: 0.9999

              precision    recall  f1-score   support

           0     0.9999    1.0000    1.0000   6148305
           1     0.9998    0.9981    0.9990    293326

    accuracy                         0.9999   6441631
   macro avg     0.9999    0.9991    0.9995   6441631
weighted avg     0.9999    0.9999    0.9999   6441631

Confusion Matrix:
[[6148257      48]
 [    547  292779]]

------ Stage 2 with Random Forest (Gini) ------
Training Time: 31.53604 seconds
Random Forest Depths (Stage 2) -> Avg: 23.03, Max: 29, Min: 19
Testing Time: 1.31117 seconds
Accuracy: 1.0000
Precision: 1.0000
Recall: 1.0000
F1 Score: 1.0000
F2 Score: 1.0000

              precision    recall  f1-score   support

           0     1.0000    1.0000    1.0000    262905
           1     0.9996    1.0000    0.9998     29922

    accuracy                         1.0000    292827
   macro avg     0.9998    1.0000    0.9999    292827
weighted avg     1.0000    1.0000    1.0000    292827

Confusion Matrix:
[[262894     11]
 [     1  29921]]

Combined Classification Report:
Accuracy: 0.9999
Precision: 0.9999
Recall: 0.9999
F1 Score: 0.9999
F2 Score: 0.9999

              precision    recall  f1-score   support

           0     0.9999    1.0000    1.0000   6148305
           1     0.9998    0.9980    0.9989    263382
           2     0.9996    0.9992    0.9994     29944

    accuracy                         0.9999   6441631
   macro avg     0.9998    0.9991    0.9994   6441631
weighted avg     0.9999    0.9999    0.9999   6441631

Confusion Matrix:
[[6148257      39       9]
 [    525  262855       2]
 [     22       1   29921]]

Processing dataset: ../[2] New/dataset/train-train.csv
29 TotBytes, Dur, udt, State, arp, udp, SrcBytes, DstAddr, ipv6-icmp, icmp, tcp, SrcAddr, Dport, esp, Sport, llc, ipv6, rtp, pim, gre, unas, TotPkts, Label, Dir, ipnip, igmp, rtcp, ipx/spx, rarp
--- Stage 1 with Random Forest (Gini) ---
Training Time: 1938.33027 seconds
Random Forest Depths curr -> Avg: 29.00, Max: 29, Min: 29
Testing Time: 55.74388 seconds
Accuracy: 0.9999
Precision: 0.9999
Recall: 0.9999
F1 Score: 0.9999
F2 Score: 0.9999

              precision    recall  f1-score   support

           0     0.9999    1.0000    0.9999   6148305
           1     0.9998    0.9980    0.9989    293326

    accuracy                         0.9999   6441631
   macro avg     0.9999    0.9990    0.9994   6441631
weighted avg     0.9999    0.9999    0.9999   6441631

Confusion Matrix:
[[6148248      57]
 [    587  292739]]

------ Stage 2 with Random Forest (Gini) ------
Training Time: 31.04540 seconds
Random Forest Depths (Stage 2) -> Avg: 23.24, Max: 29, Min: 18
Testing Time: 1.32873 seconds
Accuracy: 0.9999
Precision: 0.9999
Recall: 0.9999
F1 Score: 0.9999
F2 Score: 0.9999

              precision    recall  f1-score   support

           0     1.0000    1.0000    1.0000    262873
           1     0.9996    0.9999    0.9997     29923

    accuracy                         0.9999    292796
   macro avg     0.9998    0.9999    0.9999    292796
weighted avg     0.9999    0.9999    0.9999    292796

Confusion Matrix:
[[262860     13]
 [     2  29921]]

Combined Classification Report:
Accuracy: 0.9999
Precision: 0.9999
Recall: 0.9999
F1 Score: 0.9999
F2 Score: 0.9999

              precision    recall  f1-score   support

           0     0.9999    1.0000    0.9999   6148305
           1     0.9998    0.9978    0.9988    263382
           2     0.9996    0.9992    0.9994     29944

    accuracy                         0.9999   6441631
   macro avg     0.9998    0.9990    0.9994   6441631
weighted avg     0.9999    0.9999    0.9999   6441631

Confusion Matrix:
[[6148248      46      11]
 [    566  262814       2]
 [     21       2   29921]]

Processing dataset: ../[2] New/dataset/train-train.csv
30 TotBytes, Dur, udt, rsvp, State, arp, udp, SrcBytes, DstAddr, ipv6-icmp, icmp, tcp, SrcAddr, Dport, esp, Sport, llc, ipv6, rtp, pim, gre, unas, TotPkts, Label, Dir, ipnip, igmp, rtcp, ipx/spx, rarp
--- Stage 1 with Random Forest (Gini) ---
Training Time: 1910.23211 seconds
Random Forest Depths curr -> Avg: 29.00, Max: 29, Min: 29
Testing Time: 56.39606 seconds
Accuracy: 0.9999
Precision: 0.9999
Recall: 0.9999
F1 Score: 0.9999
F2 Score: 0.9999

              precision    recall  f1-score   support

           0     0.9999    1.0000    0.9999   6148305
           1     0.9998    0.9980    0.9989    293326

    accuracy                         0.9999   6441631
   macro avg     0.9999    0.9990    0.9994   6441631
weighted avg     0.9999    0.9999    0.9999   6441631

Confusion Matrix:
[[6148255      50]
 [    586  292740]]

------ Stage 2 with Random Forest (Gini) ------
Training Time: 31.47577 seconds
Random Forest Depths (Stage 2) -> Avg: 23.73, Max: 29, Min: 18
Testing Time: 1.36680 seconds
Accuracy: 1.0000
Precision: 1.0000
Recall: 1.0000
F1 Score: 1.0000
F2 Score: 1.0000

              precision    recall  f1-score   support

           0     1.0000    1.0000    1.0000    262867
           1     0.9996    0.9999    0.9998     29923

    accuracy                         1.0000    292790
   macro avg     0.9998    0.9999    0.9999    292790
weighted avg     1.0000    1.0000    1.0000    292790

Confusion Matrix:
[[262856     11]
 [     2  29921]]

Combined Classification Report:
Accuracy: 0.9999
Precision: 0.9999
Recall: 0.9999
F1 Score: 0.9999
F2 Score: 0.9999

              precision    recall  f1-score   support

           0     0.9999    1.0000    0.9999   6148305
           1     0.9998    0.9979    0.9988    263382
           2     0.9996    0.9992    0.9994     29944

    accuracy                         0.9999   6441631
   macro avg     0.9998    0.9990    0.9994   6441631
weighted avg     0.9999    0.9999    0.9999   6441631

Confusion Matrix:
[[6148255      40      10]
 [    565  262816       1]
 [     21       2   29921]]

All loops completed.
